2026-01-31 20:07:06 - youtube_downloader - INFO - youtube_downloader.py:83 - å·²é…ç½®ä½¿ç”¨cookiesæ–‡ä»¶ï¼šd:\learning\project\youtube2tiktok\config/cookies.txt
2026-01-31 20:07:44 - youtube2tiktok - INFO - main.py:54 - å¯åŠ¨YouTube to TikTokå·¥å…·
2026-01-31 20:07:44 - youtube_downloader - INFO - youtube_downloader.py:83 - å·²é…ç½®ä½¿ç”¨cookiesæ–‡ä»¶ï¼šd:\learning\project\youtube2tiktok\config/cookies.txt
2026-01-31 20:07:49 - youtube_downloader - INFO - youtube_downloader.py:93 - æå–è§†é¢‘ä¿¡æ¯æˆåŠŸï¼šæ ‡é¢˜=feature matching in knowledge Distillation #deeplearningï¼Œæ—¶é•¿=60ç§’
2026-01-31 20:07:56 - youtube_downloader - INFO - youtube_downloader.py:136 - è§†é¢‘ä¸‹è½½å®Œæˆï¼šd:\learning\project\youtube2tiktok\data\raw_videos\feature matching in knowledge Distillation #deeplearning_4KgsPVT1G8w.mp4
2026-01-31 20:07:56 - youtube_downloader - INFO - youtube_downloader.py:138 - å­—å¹•ä¸‹è½½å®Œæˆï¼š['d:\\learning\\project\\youtube2tiktok\\data/raw_videos\\feature matching in knowledge Distillation #deeplearning_4KgsPVT1G8w.en.srt']
2026-01-31 20:07:56 - youtube2tiktok - INFO - main.py:80 - YouTube to TikTokå·¥å…·è¿è¡Œç»“æŸ
2026-01-31 20:13:39 - youtube2tiktok - INFO - main.py:54 - å¯åŠ¨YouTube to TikTokå·¥å…·
2026-01-31 20:13:39 - youtube_downloader - INFO - youtube_downloader.py:83 - å·²é…ç½®ä½¿ç”¨cookiesæ–‡ä»¶ï¼šd:\learning\project\youtube2tiktok\config/cookies.txt
2026-01-31 20:13:39 - youtube_downloader - ERROR - youtube_downloader.py:96 - æå–è§†é¢‘ä¿¡æ¯å¤±è´¥ï¼š'NoneType' object has no attribute 'get'
Traceback (most recent call last):
  File "d:\learning\project\youtube2tiktok\core\youtube_downloader.py", line 93, in get_video_info
    logger.info(f"æå–è§†é¢‘ä¿¡æ¯æˆåŠŸï¼šæ ‡é¢˜={info.get('title')}ï¼Œæ—¶é•¿={info.get('duration')}ç§’")
                                          ^^^^^^^^
AttributeError: 'NoneType' object has no attribute 'get'
2026-01-31 20:13:39 - youtube2tiktok - INFO - main.py:80 - YouTube to TikTokå·¥å…·è¿è¡Œç»“æŸ
2026-01-31 20:13:57 - youtube2tiktok - INFO - main.py:54 - å¯åŠ¨YouTube to TikTokå·¥å…·
2026-01-31 20:13:57 - youtube_downloader - INFO - youtube_downloader.py:83 - å·²é…ç½®ä½¿ç”¨cookiesæ–‡ä»¶ï¼šd:\learning\project\youtube2tiktok\config/cookies.txt
2026-01-31 20:13:57 - youtube_downloader - ERROR - youtube_downloader.py:96 - æå–è§†é¢‘ä¿¡æ¯å¤±è´¥ï¼š'NoneType' object has no attribute 'get'
Traceback (most recent call last):
  File "d:\learning\project\youtube2tiktok\core\youtube_downloader.py", line 93, in get_video_info
    logger.info(f"æå–è§†é¢‘ä¿¡æ¯æˆåŠŸï¼šæ ‡é¢˜={info.get('title')}ï¼Œæ—¶é•¿={info.get('duration')}ç§’")
                                          ^^^^^^^^
AttributeError: 'NoneType' object has no attribute 'get'
2026-01-31 20:13:57 - youtube2tiktok - INFO - main.py:80 - YouTube to TikTokå·¥å…·è¿è¡Œç»“æŸ
2026-01-31 20:14:19 - youtube2tiktok - INFO - main.py:54 - å¯åŠ¨YouTube to TikTokå·¥å…·
2026-01-31 20:14:19 - youtube_downloader - INFO - youtube_downloader.py:83 - å·²é…ç½®ä½¿ç”¨cookiesæ–‡ä»¶ï¼šd:\learning\project\youtube2tiktok\config/cookies.txt
2026-01-31 20:14:19 - youtube_downloader - ERROR - youtube_downloader.py:96 - æå–è§†é¢‘ä¿¡æ¯å¤±è´¥ï¼š'NoneType' object has no attribute 'get'
Traceback (most recent call last):
  File "d:\learning\project\youtube2tiktok\core\youtube_downloader.py", line 93, in get_video_info
    logger.info(f"æå–è§†é¢‘ä¿¡æ¯æˆåŠŸï¼šæ ‡é¢˜={info.get('title')}ï¼Œæ—¶é•¿={info.get('duration')}ç§’")
                                          ^^^^^^^^
AttributeError: 'NoneType' object has no attribute 'get'
2026-01-31 20:14:19 - youtube2tiktok - INFO - main.py:80 - YouTube to TikTokå·¥å…·è¿è¡Œç»“æŸ
2026-01-31 20:15:04 - youtube2tiktok - INFO - main.py:54 - å¯åŠ¨YouTube to TikTokå·¥å…·
2026-01-31 20:15:04 - youtube_downloader - INFO - youtube_downloader.py:83 - å·²é…ç½®ä½¿ç”¨cookiesæ–‡ä»¶ï¼šd:\learning\project\youtube2tiktok\config/cookies.txt
2026-01-31 20:15:08 - youtube_downloader - INFO - youtube_downloader.py:93 - æå–è§†é¢‘ä¿¡æ¯æˆåŠŸï¼šæ ‡é¢˜=feature matching in knowledge Distillation #deeplearningï¼Œæ—¶é•¿=60ç§’
2026-01-31 20:15:14 - youtube_downloader - INFO - youtube_downloader.py:136 - è§†é¢‘ä¸‹è½½å®Œæˆï¼šd:\learning\project\youtube2tiktok\data\raw_videos\feature matching in knowledge Distillation #deeplearning_4KgsPVT1G8w.mp4
2026-01-31 20:15:14 - youtube_downloader - INFO - youtube_downloader.py:138 - å­—å¹•ä¸‹è½½å®Œæˆï¼š['d:\\learning\\project\\youtube2tiktok\\data/raw_videos\\feature matching in knowledge Distillation #deeplearning_4KgsPVT1G8w.en.srt']
2026-01-31 20:15:14 - youtube2tiktok - INFO - main.py:80 - YouTube to TikTokå·¥å…·è¿è¡Œç»“æŸ
2026-01-31 20:16:34 - youtube2tiktok - INFO - main.py:54 - å¯åŠ¨YouTube to TikTokå·¥å…·
2026-01-31 20:16:34 - youtube_downloader - INFO - youtube_downloader.py:83 - å·²é…ç½®ä½¿ç”¨cookiesæ–‡ä»¶ï¼šd:\learning\project\youtube2tiktok\config/cookies.txt
2026-01-31 20:16:39 - youtube_downloader - INFO - youtube_downloader.py:93 - æå–è§†é¢‘ä¿¡æ¯æˆåŠŸï¼šæ ‡é¢˜=feature matching in knowledge Distillation #deeplearningï¼Œæ—¶é•¿=60ç§’
2026-01-31 20:16:46 - youtube_downloader - INFO - youtube_downloader.py:136 - è§†é¢‘ä¸‹è½½å®Œæˆï¼šd:\learning\project\youtube2tiktok\data\raw_videos\feature matching in knowledge Distillation #deeplearning_4KgsPVT1G8w.mp4
2026-01-31 20:16:46 - youtube_downloader - INFO - youtube_downloader.py:138 - å­—å¹•ä¸‹è½½å®Œæˆï¼š['d:\\learning\\project\\youtube2tiktok\\data/raw_videos\\feature matching in knowledge Distillation #deeplearning_4KgsPVT1G8w.en.srt']
2026-01-31 20:16:46 - youtube2tiktok - INFO - main.py:80 - YouTube to TikTokå·¥å…·è¿è¡Œç»“æŸ
2026-01-31 20:19:51 - youtube2tiktok - INFO - main.py:54 - å¯åŠ¨YouTube to TikTokå·¥å…·
2026-01-31 20:19:51 - youtube_downloader - INFO - youtube_downloader.py:84 - å·²é…ç½®ä½¿ç”¨cookiesæ–‡ä»¶ï¼šd:\learning\project\youtube2tiktok\config/cookies.txt
2026-01-31 20:19:56 - youtube_downloader - INFO - youtube_downloader.py:94 - æå–è§†é¢‘ä¿¡æ¯æˆåŠŸï¼šæ ‡é¢˜=feature matching in knowledge Distillation #deeplearningï¼Œæ—¶é•¿=60ç§’
2026-01-31 20:20:01 - youtube_downloader - ERROR - youtube_downloader.py:149 - ä¸‹è½½è§†é¢‘å¤±è´¥ï¼š[Errno 2] No such file or directory: 'd:\\learning\\project\\youtube2tiktok\\log/downloaded_videos.txt'
Traceback (most recent call last):
  File "d:\learning\project\youtube2tiktok\core\youtube_downloader.py", line 114, in download_video
    ydl.download([url])
  File "D:\learning\project\youtube2tiktok\.venv\Lib\site-packages\yt_dlp\YoutubeDL.py", line 3670, in download
    self.__download_wrapper(self.extract_info)(
  File "D:\learning\project\youtube2tiktok\.venv\Lib\site-packages\yt_dlp\YoutubeDL.py", line 3643, in wrapper
    res = func(*args, **kwargs)
          ^^^^^^^^^^^^^^^^^^^^^
  File "D:\learning\project\youtube2tiktok\.venv\Lib\site-packages\yt_dlp\YoutubeDL.py", line 1687, in extract_info
    return self.__extract_info(url, self.get_info_extractor(key), download, extra_info, process)
           ^^^^^^^^^^^^^^^^^^^^^^^^^^^^^^^^^^^^^^^^^^^^^^^^^^^^^^^^^^^^^^^^^^^^^^^^^^^^^^^^^^^^^
  File "D:\learning\project\youtube2tiktok\.venv\Lib\site-packages\yt_dlp\YoutubeDL.py", line 1698, in wrapper
    return func(self, *args, **kwargs)
           ^^^^^^^^^^^^^^^^^^^^^^^^^^^
  File "D:\learning\project\youtube2tiktok\.venv\Lib\site-packages\yt_dlp\YoutubeDL.py", line 1854, in __extract_info
    return self.process_ie_result(ie_result, download, extra_info)
           ^^^^^^^^^^^^^^^^^^^^^^^^^^^^^^^^^^^^^^^^^^^^^^^^^^^^^^^
  File "D:\learning\project\youtube2tiktok\.venv\Lib\site-packages\yt_dlp\YoutubeDL.py", line 1913, in process_ie_result
    ie_result = self.process_video_result(ie_result, download=download)
                ^^^^^^^^^^^^^^^^^^^^^^^^^^^^^^^^^^^^^^^^^^^^^^^^^^^^^^^
  File "D:\learning\project\youtube2tiktok\.venv\Lib\site-packages\yt_dlp\YoutubeDL.py", line 3110, in process_video_result
    self.record_download_archive(info_dict)
  File "D:\learning\project\youtube2tiktok\.venv\Lib\site-packages\yt_dlp\YoutubeDL.py", line 3850, in record_download_archive
    with locked_file(fn, 'a', encoding='utf-8') as archive_file:
         ^^^^^^^^^^^^^^^^^^^^^^^^^^^^^^^^^^^^^^
  File "D:\learning\project\youtube2tiktok\.venv\Lib\site-packages\yt_dlp\utils\_utils.py", line 1631, in __init__
    self.f = os.fdopen(os.open(filename, flags, 0o666), mode, encoding=encoding)
                       ^^^^^^^^^^^^^^^^^^^^^^^^^^^^^^^
FileNotFoundError: [Errno 2] No such file or directory: 'd:\\learning\\project\\youtube2tiktok\\log/downloaded_videos.txt'
2026-01-31 20:20:01 - youtube2tiktok - INFO - main.py:80 - YouTube to TikTokå·¥å…·è¿è¡Œç»“æŸ
2026-01-31 20:20:30 - youtube2tiktok - INFO - main.py:54 - å¯åŠ¨YouTube to TikTokå·¥å…·
2026-01-31 20:20:30 - youtube_downloader - INFO - youtube_downloader.py:84 - å·²é…ç½®ä½¿ç”¨cookiesæ–‡ä»¶ï¼šd:\learning\project\youtube2tiktok\config/cookies.txt
2026-01-31 20:20:35 - youtube_downloader - INFO - youtube_downloader.py:94 - æå–è§†é¢‘ä¿¡æ¯æˆåŠŸï¼šæ ‡é¢˜=feature matching in knowledge Distillation #deeplearningï¼Œæ—¶é•¿=60ç§’
2026-01-31 20:20:41 - youtube_downloader - INFO - youtube_downloader.py:137 - è§†é¢‘ä¸‹è½½å®Œæˆï¼šd:\learning\project\youtube2tiktok\data\raw_videos\feature matching in knowledge Distillation #deeplearning_4KgsPVT1G8w.mp4
2026-01-31 20:20:41 - youtube_downloader - INFO - youtube_downloader.py:139 - å­—å¹•ä¸‹è½½å®Œæˆï¼š['d:\\learning\\project\\youtube2tiktok\\data/raw_videos\\feature matching in knowledge Distillation #deeplearning_4KgsPVT1G8w.en.srt']
2026-01-31 20:20:41 - youtube2tiktok - INFO - main.py:80 - YouTube to TikTokå·¥å…·è¿è¡Œç»“æŸ
2026-01-31 20:30:15 - youtube2tiktok - INFO - main.py:54 - å¯åŠ¨YouTube to TikTokå·¥å…·
2026-01-31 20:30:15 - youtube_downloader - INFO - youtube_downloader.py:87 - å·²é…ç½®ä½¿ç”¨cookiesæ–‡ä»¶ï¼šd:\learning\project\youtube2tiktok\config/cookies.txt
2026-01-31 20:31:13 - youtube2tiktok - INFO - main.py:54 - å¯åŠ¨YouTube to TikTokå·¥å…·
2026-01-31 20:31:13 - youtube_downloader - INFO - youtube_downloader.py:87 - å·²é…ç½®ä½¿ç”¨cookiesæ–‡ä»¶ï¼šd:\learning\project\youtube2tiktok\config/cookies.txt
2026-01-31 20:33:53 - youtube_downloader - ERROR - youtube_downloader.py:100 - æå–è§†é¢‘ä¿¡æ¯å¤±è´¥ï¼š[0;31mERROR:[0m [youtube] 4KgsPVT1G8w: Unable to download API page: (<HTTPSConnection(host='www.youtube.com', port=443) at 0x1dab34d6c90>, 'Connection to www.youtube.com timed out. (connect timeout=20.0)') (caused by TransportError("(<HTTPSConnection(host='www.youtube.com', port=443) at 0x1dab34d6c90>, 'Connection to www.youtube.com timed out. (connect timeout=20.0)')"))
Traceback (most recent call last):
  File "D:\learning\project\youtube2tiktok\.venv\Lib\site-packages\urllib3\connection.py", line 204, in _new_conn
    sock = connection.create_connection(
           ^^^^^^^^^^^^^^^^^^^^^^^^^^^^^
  File "D:\learning\project\youtube2tiktok\.venv\Lib\site-packages\urllib3\util\connection.py", line 85, in create_connection
    raise err
  File "D:\learning\project\youtube2tiktok\.venv\Lib\site-packages\urllib3\util\connection.py", line 73, in create_connection
    sock.connect(sa)
TimeoutError: timed out

The above exception was the direct cause of the following exception:

Traceback (most recent call last):
  File "D:\learning\project\youtube2tiktok\.venv\Lib\site-packages\yt_dlp\networking\_requests.py", line 324, in _send
    requests_res = session.request(
                   ^^^^^^^^^^^^^^^^
  File "D:\learning\project\youtube2tiktok\.venv\Lib\site-packages\requests\sessions.py", line 589, in request
    resp = self.send(prep, **send_kwargs)
           ^^^^^^^^^^^^^^^^^^^^^^^^^^^^^^
  File "D:\learning\project\youtube2tiktok\.venv\Lib\site-packages\requests\sessions.py", line 703, in send
    r = adapter.send(request, **kwargs)
        ^^^^^^^^^^^^^^^^^^^^^^^^^^^^^^^
  File "D:\learning\project\youtube2tiktok\.venv\Lib\site-packages\requests\adapters.py", line 644, in send
    resp = conn.urlopen(
           ^^^^^^^^^^^^^
  File "D:\learning\project\youtube2tiktok\.venv\Lib\site-packages\urllib3\connectionpool.py", line 841, in urlopen
    retries = retries.increment(
              ^^^^^^^^^^^^^^^^^^
  File "D:\learning\project\youtube2tiktok\.venv\Lib\site-packages\urllib3\util\retry.py", line 465, in increment
    raise reraise(type(error), error, _stacktrace)
          ^^^^^^^^^^^^^^^^^^^^^^^^^^^^^^^^^^^^^^^^
  File "D:\learning\project\youtube2tiktok\.venv\Lib\site-packages\urllib3\util\util.py", line 39, in reraise
    raise value
  File "D:\learning\project\youtube2tiktok\.venv\Lib\site-packages\urllib3\connectionpool.py", line 787, in urlopen
    response = self._make_request(
               ^^^^^^^^^^^^^^^^^^^
  File "D:\learning\project\youtube2tiktok\.venv\Lib\site-packages\urllib3\connectionpool.py", line 488, in _make_request
    raise new_e
  File "D:\learning\project\youtube2tiktok\.venv\Lib\site-packages\urllib3\connectionpool.py", line 464, in _make_request
    self._validate_conn(conn)
  File "D:\learning\project\youtube2tiktok\.venv\Lib\site-packages\urllib3\connectionpool.py", line 1093, in _validate_conn
    conn.connect()
  File "D:\learning\project\youtube2tiktok\.venv\Lib\site-packages\urllib3\connection.py", line 759, in connect
    self.sock = sock = self._new_conn()
                       ^^^^^^^^^^^^^^^^
  File "D:\learning\project\youtube2tiktok\.venv\Lib\site-packages\urllib3\connection.py", line 213, in _new_conn
    raise ConnectTimeoutError(
urllib3.exceptions.ConnectTimeoutError: (<HTTPSConnection(host='www.youtube.com', port=443) at 0x1dab34d6c90>, 'Connection to www.youtube.com timed out. (connect timeout=20.0)')

The above exception was the direct cause of the following exception:

Traceback (most recent call last):
  File "D:\learning\project\youtube2tiktok\.venv\Lib\site-packages\yt_dlp\extractor\common.py", line 910, in _request_webpage
    return self._downloader.urlopen(self._create_request(url_or_request, data, headers, query, extensions))
           ^^^^^^^^^^^^^^^^^^^^^^^^^^^^^^^^^^^^^^^^^^^^^^^^^^^^^^^^^^^^^^^^^^^^^^^^^^^^^^^^^^^^^^^^^^^^^^^^
  File "D:\learning\project\youtube2tiktok\.venv\Lib\site-packages\yt_dlp\YoutubeDL.py", line 4260, in urlopen
    return self._request_director.send(req)
           ^^^^^^^^^^^^^^^^^^^^^^^^^^^^^^^^
  File "D:\learning\project\youtube2tiktok\.venv\Lib\site-packages\yt_dlp\networking\common.py", line 117, in send
    response = handler.send(request)
               ^^^^^^^^^^^^^^^^^^^^^
  File "D:\learning\project\youtube2tiktok\.venv\Lib\site-packages\yt_dlp\networking\_helper.py", line 194, in wrapper
    return func(self, *args, **kwargs)
           ^^^^^^^^^^^^^^^^^^^^^^^^^^^
  File "D:\learning\project\youtube2tiktok\.venv\Lib\site-packages\yt_dlp\networking\common.py", line 359, in send
    return self._send(request)
           ^^^^^^^^^^^^^^^^^^^
  File "D:\learning\project\youtube2tiktok\.venv\Lib\site-packages\yt_dlp\networking\_requests.py", line 352, in _send
    raise TransportError(cause=e) from e
yt_dlp.networking.exceptions.TransportError: (<HTTPSConnection(host='www.youtube.com', port=443) at 0x1dab34d6c90>, 'Connection to www.youtube.com timed out. (connect timeout=20.0)')

During handling of the above exception, another exception occurred:

Traceback (most recent call last):
  File "D:\learning\project\youtube2tiktok\.venv\Lib\site-packages\yt_dlp\YoutubeDL.py", line 1698, in wrapper
    return func(self, *args, **kwargs)
           ^^^^^^^^^^^^^^^^^^^^^^^^^^^
  File "D:\learning\project\youtube2tiktok\.venv\Lib\site-packages\yt_dlp\YoutubeDL.py", line 1833, in __extract_info
    ie_result = ie.extract(url)
                ^^^^^^^^^^^^^^^
  File "D:\learning\project\youtube2tiktok\.venv\Lib\site-packages\yt_dlp\extractor\common.py", line 763, in extract
    ie_result = self._real_extract(url)
                ^^^^^^^^^^^^^^^^^^^^^^^
  File "D:\learning\project\youtube2tiktok\.venv\Lib\site-packages\yt_dlp\extractor\youtube\_video.py", line 3883, in _real_extract
    webpage, webpage_ytcfg, initial_data, is_premium_subscriber, player_responses, player_url = self._initial_extract(
                                                                                                ^^^^^^^^^^^^^^^^^^^^^^
  File "D:\learning\project\youtube2tiktok\.venv\Lib\site-packages\yt_dlp\extractor\youtube\_video.py", line 3863, in _initial_extract
    initial_data = self._download_initial_data(video_id, webpage, webpage_client, webpage_ytcfg)
                   ^^^^^^^^^^^^^^^^^^^^^^^^^^^^^^^^^^^^^^^^^^^^^^^^^^^^^^^^^^^^^^^^^^^^^^^^^^^^^
  File "D:\learning\project\youtube2tiktok\.venv\Lib\site-packages\yt_dlp\extractor\youtube\_video.py", line 3841, in _download_initial_data
    initial_data = self._extract_response(
                   ^^^^^^^^^^^^^^^^^^^^^^^
  File "D:\learning\project\youtube2tiktok\.venv\Lib\site-packages\yt_dlp\extractor\youtube\_base.py", line 1284, in _extract_response
    next(main_retries)
  File "D:\learning\project\youtube2tiktok\.venv\Lib\site-packages\yt_dlp\utils\_utils.py", line 5271, in __iter__
    self.error_callback(self.error, self.attempt, self.retries)
  File "D:\learning\project\youtube2tiktok\.venv\Lib\site-packages\yt_dlp\extractor\common.py", line 4060, in _error_or_warning
    RetryManager.report_retry(
  File "D:\learning\project\youtube2tiktok\.venv\Lib\site-packages\yt_dlp\utils\_utils.py", line 5279, in report_retry
    raise e
  File "D:\learning\project\youtube2tiktok\.venv\Lib\site-packages\yt_dlp\extractor\youtube\_base.py", line 1274, in _extract_response
    response = self._call_api(
               ^^^^^^^^^^^^^^^
  File "D:\learning\project\youtube2tiktok\.venv\Lib\site-packages\yt_dlp\extractor\youtube\_base.py", line 848, in _call_api
    return self._download_json(
           ^^^^^^^^^^^^^^^^^^^^
  File "D:\learning\project\youtube2tiktok\.venv\Lib\site-packages\yt_dlp\extractor\common.py", line 1151, in download_content
    res = getattr(self, download_handle.__name__)(url_or_request, video_id, **kwargs)
          ^^^^^^^^^^^^^^^^^^^^^^^^^^^^^^^^^^^^^^^^^^^^^^^^^^^^^^^^^^^^^^^^^^^^^^^^^^^
  File "D:\learning\project\youtube2tiktok\.venv\Lib\site-packages\yt_dlp\extractor\common.py", line 1109, in download_handle
    res = self._download_webpage_handle(
          ^^^^^^^^^^^^^^^^^^^^^^^^^^^^^^
  File "D:\learning\project\youtube2tiktok\.venv\Lib\site-packages\yt_dlp\extractor\common.py", line 974, in _download_webpage_handle
    urlh = self._request_webpage(url_or_request, video_id, note, errnote, fatal, data=data,
           ^^^^^^^^^^^^^^^^^^^^^^^^^^^^^^^^^^^^^^^^^^^^^^^^^^^^^^^^^^^^^^^^^^^^^^^^^^^^^^^^
  File "D:\learning\project\youtube2tiktok\.venv\Lib\site-packages\yt_dlp\extractor\youtube\_base.py", line 826, in _request_webpage
    response = super()._request_webpage(*args, **kwargs)
               ^^^^^^^^^^^^^^^^^^^^^^^^^^^^^^^^^^^^^^^^^
  File "D:\learning\project\youtube2tiktok\.venv\Lib\site-packages\yt_dlp\extractor\common.py", line 923, in _request_webpage
    raise ExtractorError(errmsg, cause=err)
yt_dlp.utils.ExtractorError: [youtube] 4KgsPVT1G8w: Unable to download API page: (<HTTPSConnection(host='www.youtube.com', port=443) at 0x1dab34d6c90>, 'Connection to www.youtube.com timed out. (connect timeout=20.0)') (caused by TransportError("(<HTTPSConnection(host='www.youtube.com', port=443) at 0x1dab34d6c90>, 'Connection to www.youtube.com timed out. (connect timeout=20.0)')"))

During handling of the above exception, another exception occurred:

Traceback (most recent call last):
  File "d:\learning\project\youtube2tiktok\core\youtube_downloader.py", line 96, in get_video_info
    info = ydl.extract_info(url, download=False)
           ^^^^^^^^^^^^^^^^^^^^^^^^^^^^^^^^^^^^^
  File "D:\learning\project\youtube2tiktok\.venv\Lib\site-packages\yt_dlp\YoutubeDL.py", line 1687, in extract_info
    return self.__extract_info(url, self.get_info_extractor(key), download, extra_info, process)
           ^^^^^^^^^^^^^^^^^^^^^^^^^^^^^^^^^^^^^^^^^^^^^^^^^^^^^^^^^^^^^^^^^^^^^^^^^^^^^^^^^^^^^
  File "D:\learning\project\youtube2tiktok\.venv\Lib\site-packages\yt_dlp\YoutubeDL.py", line 1716, in wrapper
    self.report_error(str(e), e.format_traceback())
  File "D:\learning\project\youtube2tiktok\.venv\Lib\site-packages\yt_dlp\YoutubeDL.py", line 1154, in report_error
    self.trouble(f'{self._format_err("ERROR:", self.Styles.ERROR)} {message}', *args, **kwargs)
  File "D:\learning\project\youtube2tiktok\.venv\Lib\site-packages\yt_dlp\YoutubeDL.py", line 1093, in trouble
    raise DownloadError(message, exc_info)
yt_dlp.utils.DownloadError: [0;31mERROR:[0m [youtube] 4KgsPVT1G8w: Unable to download API page: (<HTTPSConnection(host='www.youtube.com', port=443) at 0x1dab34d6c90>, 'Connection to www.youtube.com timed out. (connect timeout=20.0)') (caused by TransportError("(<HTTPSConnection(host='www.youtube.com', port=443) at 0x1dab34d6c90>, 'Connection to www.youtube.com timed out. (connect timeout=20.0)')"))
2026-01-31 20:33:53 - youtube2tiktok - INFO - main.py:80 - YouTube to TikTokå·¥å…·è¿è¡Œç»“æŸ
2026-01-31 20:34:05 - youtube2tiktok - INFO - main.py:54 - å¯åŠ¨YouTube to TikTokå·¥å…·
2026-01-31 20:34:05 - youtube_downloader - INFO - youtube_downloader.py:87 - å·²é…ç½®ä½¿ç”¨cookiesæ–‡ä»¶ï¼šd:\learning\project\youtube2tiktok\config/cookies.txt
2026-01-31 20:34:12 - youtube_downloader - INFO - youtube_downloader.py:97 - æå–è§†é¢‘ä¿¡æ¯æˆåŠŸï¼šæ ‡é¢˜=feature matching in knowledge Distillation #deeplearningï¼Œæ—¶é•¿=60ç§’
2026-01-31 20:34:20 - youtube_downloader - INFO - youtube_downloader.py:140 - è§†é¢‘ä¸‹è½½å®Œæˆï¼šd:\learning\project\youtube2tiktok\data\raw_videos\feature matching in knowledge Distillation #deeplearning_4KgsPVT1G8w.mp4
2026-01-31 20:34:20 - youtube_downloader - INFO - youtube_downloader.py:142 - å­—å¹•ä¸‹è½½å®Œæˆï¼š['d:\\learning\\project\\youtube2tiktok\\data/raw_videos\\feature matching in knowledge Distillation #deeplearning_4KgsPVT1G8w.en.srt']
2026-01-31 20:34:20 - youtube2tiktok - INFO - main.py:80 - YouTube to TikTokå·¥å…·è¿è¡Œç»“æŸ
